Copyright 1986-2022 Xilinx, Inc. All Rights Reserved. Copyright 2022-2024 Advanced Micro Devices, Inc. All Rights Reserved.
---------------------------------------------------------------------------------------------------------------------------------------------
| Tool Version : Vivado v.2024.1 (lin64) Build 5076996 Wed May 22 18:36:09 MDT 2024
| Date         : Fri Nov 15 19:11:43 2024
| Host         : eecs-digital-42 running 64-bit Ubuntu 24.04.1 LTS
| Command      : report_timing_summary -file obj/post_place_timing_summary.rpt
| Design       : top_level
| Device       : 7s50-csga324
| Speed File   : -1  PRODUCTION 1.23 2018-06-13
| Design State : Physopt postPlace
---------------------------------------------------------------------------------------------------------------------------------------------

Timing Summary Report

------------------------------------------------------------------------------------------------
| Timer Settings
| --------------
------------------------------------------------------------------------------------------------

  Enable Multi Corner Analysis               :  Yes
  Enable Pessimism Removal                   :  Yes
  Pessimism Removal Resolution               :  Nearest Common Node
  Enable Input Delay Default Clock           :  No
  Enable Preset / Clear Arcs                 :  No
  Disable Flight Delays                      :  No
  Ignore I/O Paths                           :  No
  Timing Early Launch at Borrowing Latches   :  No
  Borrow Time for Max Delay Exceptions       :  Yes
  Merge Timing Exceptions                    :  Yes
  Inter-SLR Compensation                     :  Conservative

  Corner  Analyze    Analyze    
  Name    Max Paths  Min Paths  
  ------  ---------  ---------  
  Slow    Yes        Yes        
  Fast    Yes        Yes        


------------------------------------------------------------------------------------------------
| Report Methodology
| ------------------
------------------------------------------------------------------------------------------------

No report available as report_methodology has not been run prior. Run report_methodology on the current design for the summary of methodology violations.



check_timing report

Table of Contents
-----------------
1. checking no_clock (0)
2. checking constant_clock (0)
3. checking pulse_width_clock (0)
4. checking unconstrained_internal_endpoints (0)
5. checking no_input_delay (1)
6. checking no_output_delay (3)
7. checking multiple_clock (0)
8. checking generated_clocks (0)
9. checking loops (0)
10. checking partial_input_delay (0)
11. checking partial_output_delay (0)
12. checking latch_loops (0)

1. checking no_clock (0)
------------------------
 There are 0 register/latch pins with no clock.


2. checking constant_clock (0)
------------------------------
 There are 0 register/latch pins with constant_clock.


3. checking pulse_width_clock (0)
---------------------------------
 There are 0 register/latch pins which need pulse_width check


4. checking unconstrained_internal_endpoints (0)
------------------------------------------------
 There are 0 pins that are not constrained for maximum delay.

 There are 0 pins that are not constrained for maximum delay due to constant clock.


5. checking no_input_delay (1)
------------------------------
 There is 1 input port with no input delay specified. (HIGH)

 There are 0 input ports with no input delay but user has a false path constraint.


6. checking no_output_delay (3)
-------------------------------
 There are 3 ports with no output delay specified. (HIGH)

 There are 0 ports with no output delay but user has a false path constraint

 There are 0 ports with no output delay but with a timing clock defined on it or propagating through it


7. checking multiple_clock (0)
------------------------------
 There are 0 register/latch pins with multiple clocks.


8. checking generated_clocks (0)
--------------------------------
 There are 0 generated clocks that are not connected to a clock source.


9. checking loops (0)
---------------------
 There are 0 combinational loops in the design.


10. checking partial_input_delay (0)
------------------------------------
 There are 0 input ports with partial input delay specified.


11. checking partial_output_delay (0)
-------------------------------------
 There are 0 ports with partial output delay specified.


12. checking latch_loops (0)
----------------------------
 There are 0 combinational latch loops in the design through latch input



------------------------------------------------------------------------------------------------
| Design Timing Summary
| ---------------------
------------------------------------------------------------------------------------------------

    WNS(ns)      TNS(ns)  TNS Failing Endpoints  TNS Total Endpoints      WHS(ns)      THS(ns)  THS Failing Endpoints  THS Total Endpoints     WPWS(ns)     TPWS(ns)  TPWS Failing Endpoints  TPWS Total Endpoints  
    -------      -------  ---------------------  -------------------      -------      -------  ---------------------  -------------------     --------     --------  ----------------------  --------------------  
     -3.275     -646.236                    256                  614       -0.188       -0.830                      6                  614        0.538        0.000                       0                   270  


Timing constraints are not met.


------------------------------------------------------------------------------------------------
| Clock Summary
| -------------
------------------------------------------------------------------------------------------------

Clock                  Waveform(ns)         Period(ns)      Frequency(MHz)
-----                  ------------         ----------      --------------
gclk                   {0.000 4.000}        10.000          100.000         
  clk_100_cw_fast      {0.000 5.000}        10.000          100.000         
    clk_pixel_cw_hdmi  {0.000 6.734}        13.468          74.250          
    clk_tmds_cw_hdmi   {0.000 1.347}        2.694           371.250         
    clkfbout_cw_hdmi   {0.000 25.000}       50.000          20.000          
  clkfbout_cw_fast     {0.000 5.000}        10.000          100.000         


------------------------------------------------------------------------------------------------
| Intra Clock Table
| -----------------
------------------------------------------------------------------------------------------------

Clock                      WNS(ns)      TNS(ns)  TNS Failing Endpoints  TNS Total Endpoints      WHS(ns)      THS(ns)  THS Failing Endpoints  THS Total Endpoints     WPWS(ns)     TPWS(ns)  TPWS Failing Endpoints  TPWS Total Endpoints  
-----                      -------      -------  ---------------------  -------------------      -------      -------  ---------------------  -------------------     --------     --------  ----------------------  --------------------  
gclk                                                                                                                                                                     2.000        0.000                       0                     1  
  clk_100_cw_fast                                                                                                                                                        3.000        0.000                       0                     3  
    clk_pixel_cw_hdmi       -3.275     -646.236                    256                  614       -0.188       -0.830                      6                  614        5.754        0.000                       0                   252  
    clk_tmds_cw_hdmi                                                                                                                                                     0.538        0.000                       0                     8  
    clkfbout_cw_hdmi                                                                                                                                                    47.845        0.000                       0                     3  
  clkfbout_cw_fast                                                                                                                                                       7.845        0.000                       0                     3  


------------------------------------------------------------------------------------------------
| Inter Clock Table
| -----------------
------------------------------------------------------------------------------------------------

From Clock    To Clock          WNS(ns)      TNS(ns)  TNS Failing Endpoints  TNS Total Endpoints      WHS(ns)      THS(ns)  THS Failing Endpoints  THS Total Endpoints  
----------    --------          -------      -------  ---------------------  -------------------      -------      -------  ---------------------  -------------------  


------------------------------------------------------------------------------------------------
| Other Path Groups Table
| -----------------------
------------------------------------------------------------------------------------------------

Path Group    From Clock    To Clock          WNS(ns)      TNS(ns)  TNS Failing Endpoints  TNS Total Endpoints      WHS(ns)      THS(ns)  THS Failing Endpoints  THS Total Endpoints  
----------    ----------    --------          -------      -------  ---------------------  -------------------      -------      -------  ---------------------  -------------------  


------------------------------------------------------------------------------------------------
| Timing Details
| --------------
------------------------------------------------------------------------------------------------


---------------------------------------------------------------------------------------------------
From Clock:  gclk
  To Clock:  gclk

Setup :           NA  Failing Endpoints,  Worst Slack           NA  ,  Total Violation           NA
Hold  :           NA  Failing Endpoints,  Worst Slack           NA  ,  Total Violation           NA
PW    :            0  Failing Endpoints,  Worst Slack        2.000ns,  Total Violation        0.000ns
---------------------------------------------------------------------------------------------------


Pulse Width Checks
--------------------------------------------------------------------------------------
Clock Name:         gclk
Waveform(ns):       { 0.000 4.000 }
Period(ns):         10.000
Sources:            { clk_100mhz }

Check Type        Corner  Lib Pin           Reference Pin  Required(ns)  Actual(ns)  Slack(ns)  Location        Pin
Min Period        n/a     PLLE2_ADV/CLKIN1  n/a            1.249         10.000      8.751      PLLE2_ADV_X0Y0  wizard_migcam/plle2_adv_inst/CLKIN1
Max Period        n/a     PLLE2_ADV/CLKIN1  n/a            52.633        10.000      42.633     PLLE2_ADV_X0Y0  wizard_migcam/plle2_adv_inst/CLKIN1
Low Pulse Width   Slow    PLLE2_ADV/CLKIN1  n/a            2.000         6.000       4.000      PLLE2_ADV_X0Y0  wizard_migcam/plle2_adv_inst/CLKIN1
High Pulse Width  Slow    PLLE2_ADV/CLKIN1  n/a            2.000         4.000       2.000      PLLE2_ADV_X0Y0  wizard_migcam/plle2_adv_inst/CLKIN1



---------------------------------------------------------------------------------------------------
From Clock:  clk_100_cw_fast
  To Clock:  clk_100_cw_fast

Setup :           NA  Failing Endpoints,  Worst Slack           NA  ,  Total Violation           NA
Hold  :           NA  Failing Endpoints,  Worst Slack           NA  ,  Total Violation           NA
PW    :            0  Failing Endpoints,  Worst Slack        3.000ns,  Total Violation        0.000ns
---------------------------------------------------------------------------------------------------


Pulse Width Checks
--------------------------------------------------------------------------------------
Clock Name:         clk_100_cw_fast
Waveform(ns):       { 0.000 5.000 }
Period(ns):         10.000
Sources:            { wizard_migcam/plle2_adv_inst/CLKOUT0 }

Check Type        Corner  Lib Pin            Reference Pin  Required(ns)  Actual(ns)  Slack(ns)  Location         Pin
Min Period        n/a     BUFG/I             n/a            2.155         10.000      7.845      BUFGCTRL_X0Y4    wizard_migcam/clkout1_buf/I
Max Period        n/a     MMCME2_ADV/CLKIN1  n/a            100.000       10.000      90.000     MMCME2_ADV_X1Y0  wizard_hdmi/mmcm_adv_inst/CLKIN1
Low Pulse Width   Slow    MMCME2_ADV/CLKIN1  n/a            2.000         5.000       3.000      MMCME2_ADV_X1Y0  wizard_hdmi/mmcm_adv_inst/CLKIN1
High Pulse Width  Slow    MMCME2_ADV/CLKIN1  n/a            2.000         5.000       3.000      MMCME2_ADV_X1Y0  wizard_hdmi/mmcm_adv_inst/CLKIN1



---------------------------------------------------------------------------------------------------
From Clock:  clk_pixel_cw_hdmi
  To Clock:  clk_pixel_cw_hdmi

Setup :          256  Failing Endpoints,  Worst Slack       -3.275ns,  Total Violation     -646.236ns
Hold  :            6  Failing Endpoints,  Worst Slack       -0.188ns,  Total Violation       -0.830ns
PW    :            0  Failing Endpoints,  Worst Slack        5.754ns,  Total Violation        0.000ns
---------------------------------------------------------------------------------------------------


Max Delay Paths
--------------------------------------------------------------------------------------
Slack (VIOLATED) :        -3.275ns  (required time - arrival time)
  Source:                 y_in0/CLK
                            (rising edge-triggered cell DSP48E1 clocked by clk_pixel_cw_hdmi  {rise@0.000ns fall@6.734ns period=13.468ns})
  Destination:            letter_sprite/brom1/BRAM_reg_0_7/ADDRARDADDR[14]
                            (rising edge-triggered cell RAMB36E1 clocked by clk_pixel_cw_hdmi  {rise@0.000ns fall@6.734ns period=13.468ns})
  Path Group:             clk_pixel_cw_hdmi
  Path Type:              Setup (Max at Slow Process Corner)
  Requirement:            13.468ns  (clk_pixel_cw_hdmi rise@13.468ns - clk_pixel_cw_hdmi rise@0.000ns)
  Data Path Delay:        15.715ns  (logic 11.207ns (71.314%)  route 4.508ns (28.686%))
  Logic Levels:           12  (CARRY4=7 DSP48E1=1 LUT2=1 LUT6=3)
  Clock Path Skew:        -0.075ns (DCD - SCD + CPR)
    Destination Clock Delay (DCD):    -2.072ns = ( 11.396 - 13.468 ) 
    Source Clock Delay      (SCD):    -2.433ns
    Clock Pessimism Removal (CPR):    -0.436ns
  Clock Uncertainty:      0.210ns  ((TSJ^2 + DJ^2)^1/2) / 2 + PE
    Total System Jitter     (TSJ):    0.071ns
    Discrete Jitter          (DJ):    0.414ns
    Phase Error              (PE):    0.000ns

    Location             Delay type                Incr(ns)  Path(ns)    Netlist Resource(s)
  -------------------------------------------------------------------    -------------------
                         (clock clk_pixel_cw_hdmi rise edge)
                                                      0.000     0.000 r  
    N15                                               0.000     0.000 r  clk_100mhz (IN)
                         net (fo=0)                   0.000     0.000    wizard_migcam/clk_100mhz
    N15                  IBUF (Prop_ibuf_I_O)         1.440     1.440 r  wizard_migcam/clkin1_ibufg/O
                         net (fo=1, estimated)        1.253     2.693    wizard_migcam/clk_in1_cw_fast
    PLLE2_ADV_X0Y0       PLLE2_ADV (Prop_plle2_adv_CLKIN1_CLKOUT0)
                                                     -8.525    -5.832 r  wizard_migcam/plle2_adv_inst/CLKOUT0
                         net (fo=1, estimated)        1.660    -4.172    wizard_migcam/clk_100_cw_fast
    BUFGCTRL_X0Y4        BUFG (Prop_bufg_I_O)         0.096    -4.076 r  wizard_migcam/clkout1_buf/O
                         net (fo=1, estimated)        1.634    -2.442    wizard_hdmi/clk_100
    MMCME2_ADV_X1Y0      MMCME2_ADV (Prop_mmcme2_adv_CLKIN1_CLKOUT0)
                                                     -3.393    -5.835 r  wizard_hdmi/mmcm_adv_inst/CLKOUT0
                         net (fo=1, estimated)        1.661    -4.174    wizard_hdmi/clk_pixel_cw_hdmi
    BUFGCTRL_X0Y0        BUFG (Prop_bufg_I_O)         0.096    -4.078 r  wizard_hdmi/clkout1_buf/O
                         net (fo=251, estimated)      1.645    -2.433    clk_pixel
    DSP48_X1Y9           DSP48E1                                      r  y_in0/CLK
  -------------------------------------------------------------------    -------------------
    DSP48_X1Y9           DSP48E1 (Prop_dsp48e1_CLK_P[8])
                                                      4.009     1.576 r  y_in0/P[8]
                         net (fo=12, estimated)       1.059     2.635    letter_sprite/P[8]
    SLICE_X55Y21         LUT6 (Prop_lut6_I0_O)        0.124     2.759 r  letter_sprite/i___8_carry__0_i_10_comp/O
                         net (fo=1, estimated)        0.421     3.180    letter_sprite/i___8_carry__0_i_10_n_0_repN
    SLICE_X57Y22         LUT6 (Prop_lut6_I5_O)        0.124     3.304 r  letter_sprite/i___8_carry__1_i_4_comp/O
                         net (fo=1, routed)           0.000     3.304    letter_sprite/i___8_carry__1_i_4_n_0
    SLICE_X57Y22         CARRY4 (Prop_carry4_S[1]_CO[3])
                                                      0.550     3.854 r  letter_sprite/image_addr1_inferred__0/i___8_carry__1/CO[3]
                         net (fo=1, estimated)        0.000     3.854    letter_sprite/image_addr1_inferred__0/i___8_carry__1_n_0
    SLICE_X57Y23         CARRY4 (Prop_carry4_CI_O[3])
                                                      0.313     4.167 r  letter_sprite/image_addr1_inferred__0/i___8_carry__2/O[3]
                         net (fo=1, estimated)        0.526     4.693    letter_sprite/A[15]
    DSP48_X1Y8           DSP48E1 (Prop_dsp48e1_A[15]_P[1])
                                                      4.023     8.716 r  letter_sprite/image_addr/P[1]
                         net (fo=1, estimated)        0.502     9.218    letter_sprite/image_addr_n_104
    SLICE_X53Y20         LUT2 (Prop_lut2_I1_O)        0.124     9.342 r  letter_sprite/i___9_carry_i_8/O
                         net (fo=1, routed)           0.000     9.342    letter_sprite/i___9_carry_i_8_n_0
    SLICE_X53Y20         CARRY4 (Prop_carry4_S[1]_CO[3])
                                                      0.550     9.892 r  letter_sprite/i___9_carry_i_1/CO[3]
                         net (fo=1, estimated)        0.000     9.892    letter_sprite/i___9_carry_i_1_n_0
    SLICE_X53Y21         CARRY4 (Prop_carry4_CI_O[0])
                                                      0.222    10.114 r  letter_sprite/i___9_carry__0_i_1/O[0]
                         net (fo=2, estimated)        0.521    10.635    letter_sprite/PCOUT[4]
    SLICE_X52Y21         LUT6 (Prop_lut6_I5_O)        0.299    10.934 r  letter_sprite/i___9_carry__0_i_5/O
                         net (fo=1, routed)           0.000    10.934    letter_sprite/i___9_carry__0_i_5_n_0
    SLICE_X52Y21         CARRY4 (Prop_carry4_S[0]_CO[3])
                                                      0.513    11.447 r  letter_sprite/image_addr_inferred__0/i___9_carry__0/CO[3]
                         net (fo=1, estimated)        0.000    11.447    letter_sprite/image_addr_inferred__0/i___9_carry__0_n_0
    SLICE_X52Y22         CARRY4 (Prop_carry4_CI_CO[3])
                                                      0.117    11.564 r  letter_sprite/image_addr_inferred__0/i___9_carry__1/CO[3]
                         net (fo=1, estimated)        0.000    11.564    letter_sprite/image_addr_inferred__0/i___9_carry__1_n_0
    SLICE_X52Y23         CARRY4 (Prop_carry4_CI_O[2])
                                                      0.239    11.803 r  letter_sprite/image_addr_inferred__0/i___9_carry__2/O[2]
                         net (fo=16, estimated)       1.479    13.282    letter_sprite/brom1/ADDRARDADDR[14]
    RAMB36_X1Y0          RAMB36E1                                     r  letter_sprite/brom1/BRAM_reg_0_7/ADDRARDADDR[14]
  -------------------------------------------------------------------    -------------------

                         (clock clk_pixel_cw_hdmi rise edge)
                                                     13.468    13.468 r  
    N15                                               0.000    13.468 r  clk_100mhz (IN)
                         net (fo=0)                   0.000    13.468    wizard_migcam/clk_100mhz
    N15                  IBUF (Prop_ibuf_I_O)         1.370    14.838 r  wizard_migcam/clkin1_ibufg/O
                         net (fo=1, estimated)        1.190    16.029    wizard_migcam/clk_in1_cw_fast
    PLLE2_ADV_X0Y0       PLLE2_ADV (Prop_plle2_adv_CLKIN1_CLKOUT0)
                                                     -7.790     8.239 r  wizard_migcam/plle2_adv_inst/CLKOUT0
                         net (fo=1, estimated)        1.577     9.816    wizard_migcam/clk_100_cw_fast
    BUFGCTRL_X0Y4        BUFG (Prop_bufg_I_O)         0.091     9.907 r  wizard_migcam/clkout1_buf/O
                         net (fo=1, estimated)        1.517    11.424    wizard_hdmi/clk_100
    MMCME2_ADV_X1Y0      MMCME2_ADV (Prop_mmcme2_adv_CLKIN1_CLKOUT0)
                                                     -3.187     8.237 r  wizard_hdmi/mmcm_adv_inst/CLKOUT0
                         net (fo=1, estimated)        1.578     9.815    wizard_hdmi/clk_pixel_cw_hdmi
    BUFGCTRL_X0Y0        BUFG (Prop_bufg_I_O)         0.091     9.906 r  wizard_hdmi/clkout1_buf/O
                         net (fo=251, estimated)      1.490    11.396    letter_sprite/brom1/clk_pixel
    RAMB36_X1Y0          RAMB36E1                                     r  letter_sprite/brom1/BRAM_reg_0_7/CLKARDCLK
                         clock pessimism             -0.436    10.960    
                         clock uncertainty           -0.210    10.750    
    RAMB36_X1Y0          RAMB36E1 (Setup_ramb36e1_CLKARDCLK_ADDRARDADDR[14])
                                                     -0.743    10.007    letter_sprite/brom1/BRAM_reg_0_7
  -------------------------------------------------------------------
                         required time                         10.007    
                         arrival time                         -13.282    
  -------------------------------------------------------------------
                         slack                                 -3.275    





Min Delay Paths
--------------------------------------------------------------------------------------
Slack (VIOLATED) :        -0.188ns  (arrival time - required time)
  Source:                 red_ser/pwup_rst_reg/C
                            (rising edge-triggered cell FDRE clocked by clk_pixel_cw_hdmi  {rise@0.000ns fall@6.734ns period=13.468ns})
  Destination:            blue_ser/secondary/RST
                            (rising edge-triggered cell OSERDESE2 clocked by clk_pixel_cw_hdmi  {rise@0.000ns fall@6.734ns period=13.468ns})
  Path Group:             clk_pixel_cw_hdmi
  Path Type:              Hold (Min at Fast Process Corner)
  Requirement:            0.000ns  (clk_pixel_cw_hdmi rise@0.000ns - clk_pixel_cw_hdmi rise@0.000ns)
  Data Path Delay:        0.550ns  (logic 0.186ns (33.806%)  route 0.364ns (66.194%))
  Logic Levels:           1  (LUT2=1)
  Clock Path Skew:        0.179ns (DCD - SCD - CPR)
    Destination Clock Delay (DCD):    -0.157ns
    Source Clock Delay      (SCD):    -0.513ns
    Clock Pessimism Removal (CPR):    0.177ns

    Location             Delay type                Incr(ns)  Path(ns)    Netlist Resource(s)
  -------------------------------------------------------------------    -------------------
                         (clock clk_pixel_cw_hdmi rise edge)
                                                      0.000     0.000 r  
    N15                                               0.000     0.000 r  clk_100mhz (IN)
                         net (fo=0)                   0.000     0.000    wizard_migcam/clk_100mhz
    N15                  IBUF (Prop_ibuf_I_O)         0.209     0.209 r  wizard_migcam/clkin1_ibufg/O
                         net (fo=1, estimated)        0.528     0.737    wizard_migcam/clk_in1_cw_fast
    PLLE2_ADV_X0Y0       PLLE2_ADV (Prop_plle2_adv_CLKIN1_CLKOUT0)
                                                     -2.564    -1.827 r  wizard_migcam/plle2_adv_inst/CLKOUT0
                         net (fo=1, estimated)        0.700    -1.127    wizard_migcam/clk_100_cw_fast
    BUFGCTRL_X0Y4        BUFG (Prop_bufg_I_O)         0.026    -1.101 r  wizard_migcam/clkout1_buf/O
                         net (fo=1, estimated)        0.595    -0.506    wizard_hdmi/clk_100
    MMCME2_ADV_X1Y0      MMCME2_ADV (Prop_mmcme2_adv_CLKIN1_CLKOUT0)
                                                     -1.321    -1.827 r  wizard_hdmi/mmcm_adv_inst/CLKOUT0
                         net (fo=1, estimated)        0.700    -1.127    wizard_hdmi/clk_pixel_cw_hdmi
    BUFGCTRL_X0Y0        BUFG (Prop_bufg_I_O)         0.026    -1.101 r  wizard_hdmi/clkout1_buf/O
                         net (fo=251, estimated)      0.588    -0.513    red_ser/clk_pixel
    SLICE_X1Y19          FDRE                                         r  red_ser/pwup_rst_reg/C
  -------------------------------------------------------------------    -------------------
    SLICE_X1Y19          FDRE (Prop_fdre_C_Q)         0.141    -0.372 r  red_ser/pwup_rst_reg/Q
                         net (fo=1, estimated)        0.119    -0.253    red_ser/blue_ser/pwup_rst
    SLICE_X0Y19          LUT2 (Prop_lut2_I1_O)        0.045    -0.208 r  red_ser/primary_i_1/O
                         net (fo=6, estimated)        0.245     0.037    blue_ser/RST0
    OLOGIC_X0Y19         OSERDESE2                                    r  blue_ser/secondary/RST
  -------------------------------------------------------------------    -------------------

                         (clock clk_pixel_cw_hdmi rise edge)
                                                      0.000     0.000 r  
    N15                                               0.000     0.000 r  clk_100mhz (IN)
                         net (fo=0)                   0.000     0.000    wizard_migcam/clk_100mhz
    N15                  IBUF (Prop_ibuf_I_O)         0.396     0.396 r  wizard_migcam/clkin1_ibufg/O
                         net (fo=1, estimated)        0.556     0.952    wizard_migcam/clk_in1_cw_fast
    PLLE2_ADV_X0Y0       PLLE2_ADV (Prop_plle2_adv_CLKIN1_CLKOUT0)
                                                     -2.875    -1.923 r  wizard_migcam/plle2_adv_inst/CLKOUT0
                         net (fo=1, estimated)        0.737    -1.186    wizard_migcam/clk_100_cw_fast
    BUFGCTRL_X0Y4        BUFG (Prop_bufg_I_O)         0.029    -1.157 r  wizard_migcam/clkout1_buf/O
                         net (fo=1, estimated)        0.864    -0.293    wizard_hdmi/clk_100
    MMCME2_ADV_X1Y0      MMCME2_ADV (Prop_mmcme2_adv_CLKIN1_CLKOUT0)
                                                     -1.631    -1.924 r  wizard_hdmi/mmcm_adv_inst/CLKOUT0
                         net (fo=1, estimated)        0.737    -1.187    wizard_hdmi/clk_pixel_cw_hdmi
    BUFGCTRL_X0Y0        BUFG (Prop_bufg_I_O)         0.029    -1.158 r  wizard_hdmi/clkout1_buf/O
                         net (fo=251, estimated)      1.001    -0.157    blue_ser/clk_pixel
    OLOGIC_X0Y19         OSERDESE2                                    r  blue_ser/secondary/CLKDIV
                         clock pessimism             -0.177    -0.334    
    OLOGIC_X0Y19         OSERDESE2 (Hold_oserdese2_CLKDIV_RST)
                                                      0.559     0.225    blue_ser/secondary
  -------------------------------------------------------------------
                         required time                         -0.225    
                         arrival time                           0.037    
  -------------------------------------------------------------------
                         slack                                 -0.188    





Pulse Width Checks
--------------------------------------------------------------------------------------
Clock Name:         clk_pixel_cw_hdmi
Waveform(ns):       { 0.000 6.734 }
Period(ns):         13.468
Sources:            { wizard_hdmi/mmcm_adv_inst/CLKOUT0 }

Check Type        Corner  Lib Pin             Reference Pin  Required(ns)  Actual(ns)  Slack(ns)  Location         Pin
Min Period        n/a     RAMB18E1/CLKARDCLK  n/a            2.944         13.468      10.524     RAMB18_X0Y8      letter_sprite/brrom2/BRAM_reg/CLKARDCLK
Max Period        n/a     MMCME2_ADV/CLKOUT0  n/a            213.360       13.468      199.892    MMCME2_ADV_X1Y0  wizard_hdmi/mmcm_adv_inst/CLKOUT0
Low Pulse Width   Slow    SRL16E/CLK          n/a            0.980         6.734       5.754      SLICE_X6Y9       active_draw_hdmi_pipe_reg[7]_srl8/CLK
High Pulse Width  Slow    SRL16E/CLK          n/a            0.980         6.734       5.754      SLICE_X6Y9       active_draw_hdmi_pipe_reg[7]_srl8/CLK



---------------------------------------------------------------------------------------------------
From Clock:  clk_tmds_cw_hdmi
  To Clock:  clk_tmds_cw_hdmi

Setup :           NA  Failing Endpoints,  Worst Slack           NA  ,  Total Violation           NA
Hold  :           NA  Failing Endpoints,  Worst Slack           NA  ,  Total Violation           NA
PW    :            0  Failing Endpoints,  Worst Slack        0.538ns,  Total Violation        0.000ns
---------------------------------------------------------------------------------------------------


Pulse Width Checks
--------------------------------------------------------------------------------------
Clock Name:         clk_tmds_cw_hdmi
Waveform(ns):       { 0.000 1.347 }
Period(ns):         2.694
Sources:            { wizard_hdmi/mmcm_adv_inst/CLKOUT1 }

Check Type  Corner  Lib Pin             Reference Pin  Required(ns)  Actual(ns)  Slack(ns)  Location         Pin
Min Period  n/a     BUFG/I              n/a            2.155         2.694       0.538      BUFGCTRL_X0Y1    wizard_hdmi/clkout2_buf/I
Max Period  n/a     MMCME2_ADV/CLKOUT1  n/a            213.360       2.694       210.666    MMCME2_ADV_X1Y0  wizard_hdmi/mmcm_adv_inst/CLKOUT1



---------------------------------------------------------------------------------------------------
From Clock:  clkfbout_cw_hdmi
  To Clock:  clkfbout_cw_hdmi

Setup :           NA  Failing Endpoints,  Worst Slack           NA  ,  Total Violation           NA
Hold  :           NA  Failing Endpoints,  Worst Slack           NA  ,  Total Violation           NA
PW    :            0  Failing Endpoints,  Worst Slack       47.845ns,  Total Violation        0.000ns
---------------------------------------------------------------------------------------------------


Pulse Width Checks
--------------------------------------------------------------------------------------
Clock Name:         clkfbout_cw_hdmi
Waveform(ns):       { 0.000 25.000 }
Period(ns):         50.000
Sources:            { wizard_hdmi/mmcm_adv_inst/CLKFBOUT }

Check Type  Corner  Lib Pin             Reference Pin  Required(ns)  Actual(ns)  Slack(ns)  Location         Pin
Min Period  n/a     BUFG/I              n/a            2.155         50.000      47.845     BUFGCTRL_X0Y2    wizard_hdmi/clkf_buf/I
Max Period  n/a     MMCME2_ADV/CLKFBIN  n/a            100.000       50.000      50.000     MMCME2_ADV_X1Y0  wizard_hdmi/mmcm_adv_inst/CLKFBIN



---------------------------------------------------------------------------------------------------
From Clock:  clkfbout_cw_fast
  To Clock:  clkfbout_cw_fast

Setup :           NA  Failing Endpoints,  Worst Slack           NA  ,  Total Violation           NA
Hold  :           NA  Failing Endpoints,  Worst Slack           NA  ,  Total Violation           NA
PW    :            0  Failing Endpoints,  Worst Slack        7.845ns,  Total Violation        0.000ns
---------------------------------------------------------------------------------------------------


Pulse Width Checks
--------------------------------------------------------------------------------------
Clock Name:         clkfbout_cw_fast
Waveform(ns):       { 0.000 5.000 }
Period(ns):         10.000
Sources:            { wizard_migcam/plle2_adv_inst/CLKFBOUT }

Check Type  Corner  Lib Pin            Reference Pin  Required(ns)  Actual(ns)  Slack(ns)  Location        Pin
Min Period  n/a     BUFG/I             n/a            2.155         10.000      7.845      BUFGCTRL_X0Y3   wizard_migcam/clkf_buf/I
Max Period  n/a     PLLE2_ADV/CLKFBIN  n/a            52.633        10.000      42.633     PLLE2_ADV_X0Y0  wizard_migcam/plle2_adv_inst/CLKFBIN



