Copyright 1986-2022 Xilinx, Inc. All Rights Reserved. Copyright 2022-2024 Advanced Micro Devices, Inc. All Rights Reserved.
---------------------------------------------------------------------------------------------------------------------------------------------
| Tool Version : Vivado v.2024.1 (lin64) Build 5076996 Wed May 22 18:36:09 MDT 2024
| Date         : Tue Nov 19 03:20:45 2024
| Host         : eecs-digital-20 running 64-bit Ubuntu 24.04.1 LTS
| Command      : report_timing -file obj/post_route_timing.rpt
| Design       : top_level
| Device       : 7s50-csga324
| Speed File   : -1  PRODUCTION 1.23 2018-06-13
| Design State : Routed
---------------------------------------------------------------------------------------------------------------------------------------------

Timing Report

Slack (MET) :             1.570ns  (required time - arrival time)
  Source:                 display_enigma/letter_letter_reg[2]/C
                            (rising edge-triggered cell FDRE clocked by clk_pixel_cw_hdmi  {rise@0.000ns fall@6.734ns period=13.468ns})
  Destination:            display_enigma/letter_sprite/image_addr_reg/A[13]
                            (rising edge-triggered cell DSP48E1 clocked by clk_pixel_cw_hdmi  {rise@0.000ns fall@6.734ns period=13.468ns})
  Path Group:             clk_pixel_cw_hdmi
  Path Type:              Setup (Max at Slow Process Corner)
  Requirement:            13.468ns  (clk_pixel_cw_hdmi rise@13.468ns - clk_pixel_cw_hdmi rise@0.000ns)
  Data Path Delay:        7.838ns  (logic 4.205ns (53.652%)  route 3.633ns (46.348%))
  Logic Levels:           10  (CARRY4=6 LUT2=1 LUT5=3)
  Clock Path Skew:        0.054ns (DCD - SCD + CPR)
    Destination Clock Delay (DCD):    -2.000ns = ( 11.468 - 13.468 ) 
    Source Clock Delay      (SCD):    -2.481ns
    Clock Pessimism Removal (CPR):    -0.427ns
  Clock Uncertainty:      0.210ns  ((TSJ^2 + DJ^2)^1/2) / 2 + PE
    Total System Jitter     (TSJ):    0.071ns
    Discrete Jitter          (DJ):    0.414ns
    Phase Error              (PE):    0.000ns

    Location             Delay type                Incr(ns)  Path(ns)    Netlist Resource(s)
  -------------------------------------------------------------------    -------------------
                         (clock clk_pixel_cw_hdmi rise edge)
                                                      0.000     0.000 r  
    N15                                               0.000     0.000 r  clk_100mhz (IN)
                         net (fo=0)                   0.000     0.000    wizard_migcam/clk_100mhz
    N15                  IBUF (Prop_ibuf_I_O)         1.440     1.440 r  wizard_migcam/clkin1_ibufg/O
                         net (fo=1, routed)           1.253     2.693    wizard_migcam/clk_in1_cw_fast
    PLLE2_ADV_X0Y0       PLLE2_ADV (Prop_plle2_adv_CLKIN1_CLKOUT0)
                                                     -8.486    -5.792 r  wizard_migcam/plle2_adv_inst/CLKOUT0
                         net (fo=1, routed)           1.660    -4.132    wizard_migcam/clk_100_cw_fast
    BUFGCTRL_X0Y4        BUFG (Prop_bufg_I_O)         0.096    -4.036 r  wizard_migcam/clkout1_buf/O
                         net (fo=1, routed)           1.575    -2.461    wizard_hdmi/clk_100
    MMCME2_ADV_X1Y0      MMCME2_ADV (Prop_mmcme2_adv_CLKIN1_CLKOUT0)
                                                     -3.333    -5.793 r  wizard_hdmi/mmcm_adv_inst/CLKOUT0
                         net (fo=1, routed)           1.661    -4.132    wizard_hdmi/clk_pixel_cw_hdmi
    BUFGCTRL_X0Y0        BUFG (Prop_bufg_I_O)         0.096    -4.036 r  wizard_hdmi/clkout1_buf/O
                         net (fo=205, routed)         1.555    -2.481    display_enigma/clk_pixel
    SLICE_X10Y28         FDRE                                         r  display_enigma/letter_letter_reg[2]/C
  -------------------------------------------------------------------    -------------------
    SLICE_X10Y28         FDRE (Prop_fdre_C_Q)         0.478    -2.003 r  display_enigma/letter_letter_reg[2]/Q
                         net (fo=5, routed)           0.871    -1.131    display_enigma/letter_sprite/image_addr3__0_carry_i_5__0_0[2]
    SLICE_X10Y28         LUT5 (Prop_lut5_I2_O)        0.323    -0.808 r  display_enigma/letter_sprite/g0_b0/O
                         net (fo=27, routed)          1.314     0.506    display_enigma/letter_sprite/g0_b0_n_0
    SLICE_X10Y18         LUT5 (Prop_lut5_I1_O)        0.348     0.854 r  display_enigma/letter_sprite/image_addr3__0_carry_i_6/O
                         net (fo=1, routed)           0.000     0.854    display_enigma/letter_sprite/image_addr3__0_carry_i_6_n_0
    SLICE_X10Y18         CARRY4 (Prop_carry4_S[1]_CO[3])
                                                      0.533     1.387 r  display_enigma/letter_sprite/image_addr3__0_carry/CO[3]
                         net (fo=1, routed)           0.000     1.387    display_enigma/letter_sprite/image_addr3__0_carry_n_0
    SLICE_X10Y19         CARRY4 (Prop_carry4_CI_O[1])
                                                      0.323     1.710 r  display_enigma/letter_sprite/image_addr3__0_carry__0/O[1]
                         net (fo=1, routed)           0.407     2.117    display_enigma/letter_sprite/image_addr3__0_carry__0_n_6
    SLICE_X11Y20         LUT2 (Prop_lut2_I1_O)        0.306     2.423 r  display_enigma/letter_sprite/i___8_carry__0_i_6/O
                         net (fo=1, routed)           0.000     2.423    display_enigma/letter_sprite/i___8_carry__0_i_6_n_0
    SLICE_X11Y20         CARRY4 (Prop_carry4_S[3]_CO[3])
                                                      0.401     2.824 r  display_enigma/letter_sprite/i___8_carry__0_i_1__0/CO[3]
                         net (fo=1, routed)           0.000     2.824    display_enigma/letter_sprite/i___8_carry__0_i_1__0_n_0
    SLICE_X11Y21         CARRY4 (Prop_carry4_CI_O[1])
                                                      0.334     3.158 r  display_enigma/letter_sprite/i___8_carry__1_i_1__0/O[1]
                         net (fo=2, routed)           0.468     3.626    display_enigma/letter_sprite/PCOUT[9]
    SLICE_X12Y22         LUT5 (Prop_lut5_I4_O)        0.303     3.929 r  display_enigma/letter_sprite/i___8_carry__1_i_4__0/O
                         net (fo=1, routed)           0.000     3.929    display_enigma/letter_sprite/i___8_carry__1_i_4__0_n_0
    SLICE_X12Y22         CARRY4 (Prop_carry4_S[1]_CO[3])
                                                      0.533     4.462 r  display_enigma/letter_sprite/image_addr2_inferred__0/i___8_carry__1/CO[3]
                         net (fo=1, routed)           0.000     4.462    display_enigma/letter_sprite/image_addr2_inferred__0/i___8_carry__1_n_0
    SLICE_X12Y23         CARRY4 (Prop_carry4_CI_O[1])
                                                      0.323     4.785 r  display_enigma/letter_sprite/image_addr2_inferred__0/i___8_carry__2/O[1]
                         net (fo=1, routed)           0.572     5.357    display_enigma/letter_sprite/image_addr2_inferred__0/i___8_carry__2_n_6
    DSP48_X0Y8           DSP48E1                                      r  display_enigma/letter_sprite/image_addr_reg/A[13]
  -------------------------------------------------------------------    -------------------

                         (clock clk_pixel_cw_hdmi rise edge)
                                                     13.468    13.468 r  
    N15                                               0.000    13.468 r  clk_100mhz (IN)
                         net (fo=0)                   0.000    13.468    wizard_migcam/clk_100mhz
    N15                  IBUF (Prop_ibuf_I_O)         1.370    14.838 r  wizard_migcam/clkin1_ibufg/O
                         net (fo=1, routed)           1.181    16.019    wizard_migcam/clk_in1_cw_fast
    PLLE2_ADV_X0Y0       PLLE2_ADV (Prop_plle2_adv_CLKIN1_CLKOUT0)
                                                     -7.753     8.266 r  wizard_migcam/plle2_adv_inst/CLKOUT0
                         net (fo=1, routed)           1.582     9.848    wizard_migcam/clk_100_cw_fast
    BUFGCTRL_X0Y4        BUFG (Prop_bufg_I_O)         0.091     9.939 r  wizard_migcam/clkout1_buf/O
                         net (fo=1, routed)           1.457    11.396    wizard_hdmi/clk_100
    MMCME2_ADV_X1Y0      MMCME2_ADV (Prop_mmcme2_adv_CLKIN1_CLKOUT0)
                                                     -3.129     8.267 r  wizard_hdmi/mmcm_adv_inst/CLKOUT0
                         net (fo=1, routed)           1.581     9.848    wizard_hdmi/clk_pixel_cw_hdmi
    BUFGCTRL_X0Y0        BUFG (Prop_bufg_I_O)         0.091     9.939 r  wizard_hdmi/clkout1_buf/O
                         net (fo=205, routed)         1.529    11.468    display_enigma/letter_sprite/clk_pixel
    DSP48_X0Y8           DSP48E1                                      r  display_enigma/letter_sprite/image_addr_reg/CLK
                         clock pessimism             -0.427    11.041    
                         clock uncertainty           -0.210    10.831    
    DSP48_X0Y8           DSP48E1 (Setup_dsp48e1_CLK_A[13])
                                                     -3.904     6.927    display_enigma/letter_sprite/image_addr_reg
  -------------------------------------------------------------------
                         required time                          6.927    
                         arrival time                          -5.357    
  -------------------------------------------------------------------
                         slack                                  1.570    




