Copyright 1986-2022 Xilinx, Inc. All Rights Reserved. Copyright 2022-2024 Advanced Micro Devices, Inc. All Rights Reserved.
---------------------------------------------------------------------------------------------------------------------------------------------
| Tool Version : Vivado v.2024.1 (lin64) Build 5076996 Wed May 22 18:36:09 MDT 2024
| Date         : Sat Nov 16 15:38:30 2024
| Host         : eecs-digital-35 running 64-bit Ubuntu 24.04.1 LTS
| Command      : report_timing -file obj/post_synth_timing.rpt
| Design       : top_level
| Device       : 7s50-csga324
| Speed File   : -1  PRODUCTION 1.23 2018-06-13
| Design State : Synthesized
---------------------------------------------------------------------------------------------------------------------------------------------

Timing Report

Slack (VIOLATED) :        -20.066ns  (required time - arrival time)
  Source:                 display/text_reg[375][3]/C
                            (rising edge-triggered cell FDSE clocked by clk_100_cw_fast  {rise@0.000ns fall@5.000ns period=10.000ns})
  Destination:            display/letter_sprite/brom1/BRAM_reg_0_0/ADDRARDADDR[13]
                            (rising edge-triggered cell RAMB36E1 clocked by clk_pixel_cw_hdmi  {rise@0.000ns fall@6.734ns period=13.468ns})
  Path Group:             clk_pixel_cw_hdmi
  Path Type:              Setup (Max at Slow Process Corner)
  Requirement:            0.034ns  (clk_pixel_cw_hdmi rise@1670.034ns - clk_100_cw_fast rise@1670.000ns)
  Data Path Delay:        18.912ns  (logic 11.065ns (58.507%)  route 7.847ns (41.493%))
  Logic Levels:           22  (CARRY4=10 DSP48E1=1 LUT2=2 LUT4=3 LUT6=3 MUXF7=2 MUXF8=1)
  Clock Path Skew:        0.071ns (DCD - SCD + CPR)
    Destination Clock Delay (DCD):    -2.578ns = ( 1667.455 - 1670.034 ) 
    Source Clock Delay      (SCD):    -3.108ns = ( 1666.892 - 1670.000 ) 
    Clock Pessimism Removal (CPR):    -0.459ns
  Clock Uncertainty:      0.513ns  ((TSJ^2 + DJ^2)^1/2) / 2 + PE
    Total System Jitter     (TSJ):    0.071ns
    Discrete Jitter          (DJ):    0.343ns
    Phase Error              (PE):    0.338ns

    Location             Delay type                Incr(ns)  Path(ns)    Netlist Resource(s)
  -------------------------------------------------------------------    -------------------
                         (clock clk_100_cw_fast rise edge)
                                                   1670.000  1670.000 r  
    N15                                               0.000  1670.000 r  clk_100mhz (IN)
                         net (fo=0)                   0.000  1670.000    wizard_migcam/clk_100mhz
    N15                  IBUF (Prop_ibuf_I_O)         1.440  1671.440 r  wizard_migcam/clkin1_ibufg/O
                         net (fo=1, unplaced)         0.584  1672.024    wizard_migcam/clk_in1_cw_fast
                         PLLE2_ADV (Prop_plle2_adv_CLKIN1_CLKOUT0)
                                                     -6.612  1665.413 r  wizard_migcam/plle2_adv_inst/CLKOUT0
                         net (fo=1, unplaced)         0.800  1666.212    wizard_migcam/clk_100_cw_fast
                         BUFG (Prop_bufg_I_O)         0.096  1666.308 r  wizard_migcam/clkout1_buf/O
                         net (fo=2608, unplaced)      0.584  1666.892    display/clk_100
                         FDSE                                         r  display/text_reg[375][3]/C
  -------------------------------------------------------------------    -------------------
                         FDSE (Prop_fdse_C_Q)         0.456  1667.348 r  display/text_reg[375][3]/Q
                         net (fo=1, unplaced)         0.965  1668.313    display/text_reg_n_0_[375][3]
                         LUT6 (Prop_lut6_I0_O)        0.295  1668.608 r  display/image_addr1_i_853/O
                         net (fo=1, unplaced)         0.000  1668.608    display/image_addr1_i_853_n_0
                         MUXF7 (Prop_muxf7_I1_O)      0.245  1668.853 r  display/image_addr1_i_380/O
                         net (fo=1, unplaced)         0.000  1668.853    display/image_addr1_i_380_n_0
                         MUXF8 (Prop_muxf8_I0_O)      0.104  1668.957 r  display/image_addr1_i_144/O
                         net (fo=1, unplaced)         0.717  1669.674    display/image_addr1_i_144_n_0
                         LUT6 (Prop_lut6_I0_O)        0.319  1669.993 r  display/image_addr1_i_47/O
                         net (fo=1, unplaced)         0.000  1669.993    display/image_addr1_i_47_n_0
                         MUXF7 (Prop_muxf7_I1_O)      0.245  1670.238 r  display/image_addr1_i_17/O
                         net (fo=2, unplaced)         0.916  1671.154    display/image_addr1_i_17_n_0
                         LUT6 (Prop_lut6_I1_O)        0.298  1671.452 r  display/image_addr1_i_5/O
                         net (fo=23, unplaced)        0.965  1672.417    display/letter_sprite/text[3]
                         LUT4 (Prop_lut4_I1_O)        0.152  1672.569 r  display/letter_sprite/image_addr_i_44/O
                         net (fo=1, unplaced)         0.000  1672.569    display/letter_sprite/image_addr_i_44_n_0
                         CARRY4 (Prop_carry4_DI[1]_O[3])
                                                      0.641  1673.210 r  display/letter_sprite/image_addr_i_36/O[3]
                         net (fo=1, unplaced)         0.618  1673.828    display/letter_sprite/image_addr_i_36_n_4
                         LUT2 (Prop_lut2_I1_O)        0.307  1674.135 r  display/letter_sprite/image_addr_i_28/O
                         net (fo=1, unplaced)         0.000  1674.135    display/letter_sprite/image_addr_i_28_n_0
                         CARRY4 (Prop_carry4_S[1]_O[3])
                                                      0.640  1674.775 r  display/letter_sprite/image_addr_i_14/O[3]
                         net (fo=2, unplaced)         0.629  1675.404    display/letter_sprite/image_addr_i_14_n_4
                         LUT4 (Prop_lut4_I3_O)        0.307  1675.711 r  display/letter_sprite/image_addr_i_15/O
                         net (fo=1, unplaced)         0.000  1675.711    display/letter_sprite/image_addr_i_15_n_0
                         CARRY4 (Prop_carry4_S[3]_CO[3])
                                                      0.401  1676.112 r  display/letter_sprite/image_addr_i_3/CO[3]
                         net (fo=1, unplaced)         0.000  1676.112    display/letter_sprite/image_addr_i_3_n_0
                         CARRY4 (Prop_carry4_CI_CO[3])
                                                      0.114  1676.226 r  display/letter_sprite/image_addr_i_2/CO[3]
                         net (fo=1, unplaced)         0.000  1676.226    display/letter_sprite/image_addr_i_2_n_0
                         CARRY4 (Prop_carry4_CI_O[1])
                                                      0.348  1676.574 r  display/letter_sprite/image_addr_i_1/O[1]
                         net (fo=1, unplaced)         0.800  1677.374    display/letter_sprite/A[13]
                         DSP48E1 (Prop_dsp48e1_A[13]_P[1])
                                                      4.020  1681.394 r  display/letter_sprite/image_addr/P[1]
                         net (fo=1, unplaced)         0.800  1682.194    display/letter_sprite/brom1/P[1]
                         LUT2 (Prop_lut2_I1_O)        0.124  1682.318 r  display/letter_sprite/brom1/BRAM_reg_0_0_i_38/O
                         net (fo=1, unplaced)         0.000  1682.318    display/letter_sprite/brom1/BRAM_reg_0_0_i_38_n_0
                         CARRY4 (Prop_carry4_S[1]_CO[3])
                                                      0.550  1682.868 r  display/letter_sprite/brom1/BRAM_reg_0_0_i_20/CO[3]
                         net (fo=1, unplaced)         0.009  1682.877    display/letter_sprite/brom1/BRAM_reg_0_0_i_20_n_0
                         CARRY4 (Prop_carry4_CI_O[3])
                                                      0.329  1683.206 r  display/letter_sprite/brom1/BRAM_reg_0_0_i_15/O[3]
                         net (fo=2, unplaced)         0.629  1683.835    display/letter_sprite/brom1/PCOUT[7]
                         LUT4 (Prop_lut4_I3_O)        0.307  1684.142 r  display/letter_sprite/brom1/BRAM_reg_0_0_i_16/O
                         net (fo=1, unplaced)         0.000  1684.142    display/letter_sprite/brom1/BRAM_reg_0_0_i_16_n_0
                         CARRY4 (Prop_carry4_S[3]_CO[3])
                                                      0.401  1684.543 r  display/letter_sprite/brom1/BRAM_reg_0_0_i_3/CO[3]
                         net (fo=1, unplaced)         0.000  1684.543    display/letter_sprite/brom1/BRAM_reg_0_0_i_3_n_0
                         CARRY4 (Prop_carry4_CI_CO[3])
                                                      0.114  1684.657 r  display/letter_sprite/brom1/BRAM_reg_0_0_i_2/CO[3]
                         net (fo=1, unplaced)         0.000  1684.657    display/letter_sprite/brom1/BRAM_reg_0_0_i_2_n_0
                         CARRY4 (Prop_carry4_CI_O[1])
                                                      0.348  1685.005 r  display/letter_sprite/brom1/BRAM_reg_0_0_i_1/O[1]
                         net (fo=16, unplaced)        0.800  1685.805    display/letter_sprite/brom1/BRAM_reg_0_0_i_1_n_6
                         RAMB36E1                                     r  display/letter_sprite/brom1/BRAM_reg_0_0/ADDRARDADDR[13]
  -------------------------------------------------------------------    -------------------

                         (clock clk_pixel_cw_hdmi rise edge)
                                                   1670.034  1670.034 r  
    N15                                               0.000  1670.034 r  clk_100mhz (IN)
                         net (fo=0)                   0.000  1670.034    wizard_migcam/clk_100mhz
    N15                  IBUF (Prop_ibuf_I_O)         1.370  1671.404 r  wizard_migcam/clkin1_ibufg/O
                         net (fo=1, unplaced)         0.439  1671.843    wizard_migcam/clk_in1_cw_fast
                         PLLE2_ADV (Prop_plle2_adv_CLKIN1_CLKOUT0)
                                                     -5.893  1665.950 r  wizard_migcam/plle2_adv_inst/CLKOUT0
                         net (fo=1, unplaced)         0.760  1666.710    wizard_migcam/clk_100_cw_fast
                         BUFG (Prop_bufg_I_O)         0.091  1666.801 r  wizard_migcam/clkout1_buf/O
                         net (fo=2608, unplaced)      0.439  1667.240    wizard_hdmi/clk_100
                         MMCME2_ADV (Prop_mmcme2_adv_CLKIN1_CLKOUT0)
                                                     -1.290  1665.950 r  wizard_hdmi/mmcm_adv_inst/CLKOUT0
                         net (fo=1, unplaced)         0.760  1666.710    wizard_hdmi/clk_pixel_cw_hdmi
                         BUFG (Prop_bufg_I_O)         0.091  1666.801 r  wizard_hdmi/clkout1_buf/O
                         net (fo=254, unplaced)       0.655  1667.455    display/letter_sprite/brom1/clk_pixel
                         RAMB36E1                                     r  display/letter_sprite/brom1/BRAM_reg_0_0/CLKARDCLK
                         clock pessimism             -0.459  1666.996    
                         clock uncertainty           -0.513  1666.484    
                         RAMB36E1 (Setup_ramb36e1_CLKARDCLK_ADDRARDADDR[13])
                                                     -0.745  1665.739    display/letter_sprite/brom1/BRAM_reg_0_0
  -------------------------------------------------------------------
                         required time                       1665.739    
                         arrival time                       -1685.804    
  -------------------------------------------------------------------
                         slack                                -20.066    




