#! /c/Source/iverilog-install/bin/vvp
:ivl_version "12.0 (devel)" "(s20150603-1539-g2693dd32b)";
:ivl_delay_selection "TYPICAL";
:vpi_time_precision - 12;
:vpi_module "C:\iverilog\lib\ivl\system.vpi";
:vpi_module "C:\iverilog\lib\ivl\vhdl_sys.vpi";
:vpi_module "C:\iverilog\lib\ivl\vhdl_textio.vpi";
:vpi_module "C:\iverilog\lib\ivl\v2005_math.vpi";
:vpi_module "C:\iverilog\lib\ivl\va_math.vpi";
:vpi_module "C:\iverilog\lib\ivl\v2009.vpi";
S_000001ce0f356e30 .scope package, "$unit" "$unit" 2 1;
 .timescale 0 0;
S_000001ce0f312980 .scope module, "top_level" "top_level" 3 4;
 .timescale -9 -12;
    .port_info 0 /INPUT 1 "clk_100mhz";
    .port_info 1 /INPUT 16 "sw";
    .port_info 2 /INPUT 4 "btn";
    .port_info 3 /OUTPUT 16 "led";
    .port_info 4 /OUTPUT 3 "rgb0";
    .port_info 5 /OUTPUT 3 "rgb1";
    .port_info 6 /OUTPUT 3 "hdmi_tx_p";
    .port_info 7 /OUTPUT 3 "hdmi_tx_n";
    .port_info 8 /OUTPUT 1 "hdmi_clk_p";
    .port_info 9 /OUTPUT 1 "hdmi_clk_n";
    .port_info 10 /OUTPUT 7 "ss0_c";
    .port_info 11 /OUTPUT 7 "ss1_c";
    .port_info 12 /OUTPUT 4 "ss0_an";
    .port_info 13 /OUTPUT 4 "ss1_an";
P_000001ce0f313020 .param/l "GAME_HEIGHT" 1 3 21, +C4<00000000000000000000001011010000>;
P_000001ce0f313058 .param/l "GAME_WIDTH" 1 3 20, +C4<00000000000000000000010100000000>;
o000001ce0f3573f8 .functor BUFZ 16, C4<zzzzzzzzzzzzzzzz>; HiZ drive
L_000001ce0f353790 .functor BUFZ 16, o000001ce0f3573f8, C4<0000000000000000>, C4<0000000000000000>, C4<0000000000000000>;
L_000001ce0f352df0 .functor BUFZ 8, v000001ce0f3a4240_0, C4<00000000>, C4<00000000>, C4<00000000>;
L_000001ce0f3532c0 .functor BUFZ 8, v000001ce0f3a42e0_0, C4<00000000>, C4<00000000>, C4<00000000>;
L_000001ce0f353330 .functor BUFZ 8, v000001ce0f3a46a0_0, C4<00000000>, C4<00000000>, C4<00000000>;
v000001ce0f313390_0 .net "blue", 7 0, L_000001ce0f353330;  1 drivers
o000001ce0f357008 .functor BUFZ 4, C4<zzzz>; HiZ drive
v000001ce0f2f7b40_0 .net "btn", 3 0, o000001ce0f357008;  0 drivers
o000001ce0f357038 .functor BUFZ 1, C4<z>; HiZ drive
v000001ce0f312b10_0 .net "clk_100mhz", 0 0, o000001ce0f357038;  0 drivers
v000001ce0f312bb0_0 .var "clk_pixel", 0 0;
v000001ce0f312c50_0 .net "green", 7 0, L_000001ce0f3532c0;  1 drivers
v000001ce0f312cf0_0 .var "hcount", 10 0;
v000001ce0f312d90_0 .var "hdmi_clk_n", 0 0;
v000001ce0f3a3c50_0 .var "hdmi_clk_p", 0 0;
v000001ce0f3a3cf0_0 .var "hdmi_tx_n", 2 0;
v000001ce0f3a3d90_0 .var "hdmi_tx_p", 2 0;
v000001ce0f3a46a0_0 .var "img_blue", 7 0;
v000001ce0f3a42e0_0 .var "img_green", 7 0;
v000001ce0f3a4240_0 .var "img_red", 7 0;
v000001ce0f3a4c40_0 .net "led", 15 0, L_000001ce0f353790;  1 drivers
v000001ce0f3a4380_0 .var "pop", 0 0;
v000001ce0f3a4600_0 .net "red", 7 0, L_000001ce0f352df0;  1 drivers
L_000001ce0f3a4e90 .functor BUFT 1, C4<000>, C4<0>, C4<0>, C4<0>;
v000001ce0f3a4d80_0 .net "rgb0", 2 0, L_000001ce0f3a4e90;  1 drivers
L_000001ce0f3a4e48 .functor BUFT 1, C4<000>, C4<0>, C4<0>, C4<0>;
v000001ce0f3a4740_0 .net "rgb1", 2 0, L_000001ce0f3a4e48;  1 drivers
v000001ce0f3a3e80_0 .var "ss0_an", 3 0;
L_000001ce0f3a4ed8 .functor BUFT 1, C4<0000000>, C4<0>, C4<0>, C4<0>;
v000001ce0f3a4420_0 .net "ss0_c", 6 0, L_000001ce0f3a4ed8;  1 drivers
v000001ce0f3a47e0_0 .var "ss1_an", 3 0;
L_000001ce0f3a4f20 .functor BUFT 1, C4<0000000>, C4<0>, C4<0>, C4<0>;
v000001ce0f3a4880_0 .net "ss1_c", 6 0, L_000001ce0f3a4f20;  1 drivers
v000001ce0f3a3fc0_0 .net "sw", 15 0, o000001ce0f3573f8;  0 drivers
v000001ce0f3a4060_0 .net "sys_rst", 0 0, L_000001ce0f3a4920;  1 drivers
v000001ce0f3a3f20_0 .var "vcount", 9 0;
v000001ce0f3a44c0_0 .var "x_com", 10 0;
v000001ce0f3a4ba0_0 .var "y_com", 9 0;
E_000001ce0f338000 .event posedge, v000001ce0f312bb0_0;
L_000001ce0f3a4920 .part o000001ce0f357008, 0, 1;
    .scope S_000001ce0f312980;
T_0 ;
    %wait E_000001ce0f338000;
    %load/vec4 v000001ce0f3a4060_0;
    %flag_set/vec4 8;
    %jmp/0xz  T_0.0, 8;
    %pushi/vec4 0, 0, 11;
    %assign/vec4 v000001ce0f3a44c0_0, 0;
    %pushi/vec4 0, 0, 10;
    %assign/vec4 v000001ce0f3a4ba0_0, 0;
    %pushi/vec4 0, 0, 1;
    %assign/vec4 v000001ce0f3a4380_0, 0;
T_0.0 ;
    %load/vec4 v000001ce0f2f7b40_0;
    %parti/s 1, 1, 2;
    %flag_set/vec4 8;
    %jmp/0xz  T_0.2, 8;
    %load/vec4 v000001ce0f312cf0_0;
    %pad/u 32;
    %pushi/vec4 1152, 0, 32;
    %mod;
    %pad/u 11;
    %store/vec4 v000001ce0f3a44c0_0, 0, 11;
    %load/vec4 v000001ce0f3a3f20_0;
    %pad/u 32;
    %pushi/vec4 592, 0, 32;
    %mod;
    %pad/u 10;
    %store/vec4 v000001ce0f3a4ba0_0, 0, 10;
T_0.2 ;
    %jmp T_0;
    .thread T_0;
# The file index is used to find the file name in the following table.
:file_names 4;
    "N/A";
    "<interactive>";
    "-";
    ".\top_level.sv";
